[debug] [2022-05-13T01:19:57.424Z] ----------------------------------------------------------------------
[debug] [2022-05-13T01:19:57.426Z] Command:       /usr/local/Cellar/node/18.0.0/bin/node /usr/local/bin/firebase serve
[debug] [2022-05-13T01:19:57.426Z] CLI Version:   10.1.0
[debug] [2022-05-13T01:19:57.426Z] Platform:      darwin
[debug] [2022-05-13T01:19:57.426Z] Node Version:  v18.0.0
[debug] [2022-05-13T01:19:57.427Z] Time:          Thu May 12 2022 19:19:57 GMT-0600 (Mountain Daylight Time)
[debug] [2022-05-13T01:19:57.427Z] ----------------------------------------------------------------------
[debug] 
[debug] [2022-05-13T01:19:57.473Z] > command requires scopes: ["email","openid","https://www.googleapis.com/auth/cloudplatformprojects.readonly","https://www.googleapis.com/auth/firebase","https://www.googleapis.com/auth/cloud-platform"]
[debug] [2022-05-13T01:19:57.473Z] > authorizing via signed-in user (dalen.ward@gmail.com)
[debug] [2022-05-13T01:19:57.473Z] [iam] checking project automation-1b5a9 for permissions ["firebase.projects.get"]
[debug] [2022-05-13T01:19:57.475Z] >>> HTTP REQUEST POST https://cloudresourcemanager.googleapis.com/v1/projects/automation-1b5a9:testIamPermissions  
 {"permissions":["firebase.projects.get"]}
[debug] [2022-05-13T01:19:57.720Z] <<< HTTP RESPONSE 200 {"content-type":"application/json; charset=UTF-8","vary":"X-Origin, Referer, Origin,Accept-Encoding","date":"Fri, 13 May 2022 01:19:57 GMT","server":"ESF","cache-control":"private","x-xss-protection":"0","x-frame-options":"SAMEORIGIN","x-content-type-options":"nosniff","server-timing":"gfet4t7; dur=142","alt-svc":"h3=\":443\"; ma=2592000,h3-29=\":443\"; ma=2592000,h3-Q050=\":443\"; ma=2592000,h3-Q046=\":443\"; ma=2592000,h3-Q043=\":443\"; ma=2592000,quic=\":443\"; ma=2592000; v=\"46,43\"","accept-ranges":"none","transfer-encoding":"chunked"}
[debug] [2022-05-13T01:19:57.722Z] > refreshing access token with scopes: []
[debug] [2022-05-13T01:19:57.722Z] >>> HTTP REQUEST POST https://www.googleapis.com/oauth2/v3/token  
 <request body omitted>
[debug] [2022-05-13T01:19:57.834Z] <<< HTTP RESPONSE 200 {"pragma":"no-cache","date":"Fri, 13 May 2022 01:19:57 GMT","expires":"Mon, 01 Jan 1990 00:00:00 GMT","cache-control":"no-cache, no-store, max-age=0, must-revalidate","content-type":"application/json; charset=utf-8","vary":"X-Origin, Referer, Origin,Accept-Encoding","server":"scaffolding on HTTPServer2","x-xss-protection":"0","x-frame-options":"SAMEORIGIN","x-content-type-options":"nosniff","alt-svc":"h3=\":443\"; ma=2592000,h3-29=\":443\"; ma=2592000,h3-Q050=\":443\"; ma=2592000,h3-Q046=\":443\"; ma=2592000,h3-Q043=\":443\"; ma=2592000,quic=\":443\"; ma=2592000; v=\"46,43\"","accept-ranges":"none","transfer-encoding":"chunked"}
[debug] [2022-05-13T01:19:57.885Z] >>> [apiv2][query] GET https://firebase.googleapis.com/v1beta1/projects/automation-1b5a9 [none]
[debug] [2022-05-13T01:19:58.345Z] <<< [apiv2][status] GET https://firebase.googleapis.com/v1beta1/projects/automation-1b5a9 200
[debug] [2022-05-13T01:19:58.345Z] <<< [apiv2][body] GET https://firebase.googleapis.com/v1beta1/projects/automation-1b5a9 {"projectId":"automation-1b5a9","projectNumber":"68928489714","displayName":"automation","name":"projects/automation-1b5a9","resources":{"hostingSite":"automation-1b5a9"},"state":"ACTIVE"}
[info] 
[info] === Serving from '/Users/dalen/git/other/automation'...
[info] 
[debug] [2022-05-13T01:19:58.346Z] >>> [apiv2][query] GET https://firebasehosting.googleapis.com/v1beta1/projects/automation-1b5a9/sites 
[debug] [2022-05-13T01:19:58.842Z] <<< [apiv2][status] GET https://firebasehosting.googleapis.com/v1beta1/projects/automation-1b5a9/sites 200
[debug] [2022-05-13T01:19:58.843Z] <<< [apiv2][body] GET https://firebasehosting.googleapis.com/v1beta1/projects/automation-1b5a9/sites {"sites":[{"name":"projects/automation-1b5a9/sites/automation-1b5a9","defaultUrl":"https://automation-1b5a9.web.app","type":"DEFAULT_SITE"}]}
[debug] [2022-05-13T01:19:58.843Z] >>> [apiv2][query] GET https://firebase.googleapis.com/v1beta1/projects/automation-1b5a9/webApps/-/config [none]
[debug] [2022-05-13T01:19:59.230Z] <<< [apiv2][status] GET https://firebase.googleapis.com/v1beta1/projects/automation-1b5a9/webApps/-/config 200
[debug] [2022-05-13T01:19:59.230Z] <<< [apiv2][body] GET https://firebase.googleapis.com/v1beta1/projects/automation-1b5a9/webApps/-/config {"projectId":"automation-1b5a9","storageBucket":"automation-1b5a9.appspot.com","apiKey":"AIzaSyA5FUsiKL00tqdY6D0S0mVlR5pFPrNqUM0","authDomain":"automation-1b5a9.firebaseapp.com","messagingSenderId":"68928489714"}
[info] i  hosting: Serving hosting files from: public {"metadata":{"emulator":{"name":"hosting"},"message":"Serving hosting files from: \u001b[1mpublic\u001b[22m"}}
[info] ✔  hosting: Local server: http://localhost:5000 {"metadata":{"emulator":{"name":"hosting"},"message":"Local server: \u001b[4m\u001b[1mhttp://localhost:5000\u001b[22m\u001b[24m"}}
[info] i  hosting: ::1 - - [13/May/2022:01:20:20 +0000] "GET / HTTP/1.1" 200 4601 "-" "Mozilla/5.0 (Macintosh; Intel Mac OS X 10_15_7) AppleWebKit/537.36 (KHTML, like Gecko) Chrome/101.0.4951.64 Safari/537.36" {"metadata":{"emulator":{"name":"hosting"},"message":"::1 - - [13/May/2022:01:20:20 +0000] \"GET / HTTP/1.1\" 200 4601 \"-\" \"Mozilla/5.0 (Macintosh; Intel Mac OS X 10_15_7) AppleWebKit/537.36 (KHTML, like Gecko) Chrome/101.0.4951.64 Safari/537.36\""}}
[debug] [2022-05-13T01:20:20.409Z] >>> [apiv2][query] GET https://www.gstatic.com/firebasejs/9.8.1/firebase-app-compat.js [none]
[debug] [2022-05-13T01:20:20.417Z] >>> [apiv2][query] GET https://www.gstatic.com/firebasejs/9.8.1/firebase-auth-compat.js [none]
[debug] [2022-05-13T01:20:20.495Z] <<< [apiv2][status] GET https://www.gstatic.com/firebasejs/9.8.1/firebase-app-compat.js 200
[debug] [2022-05-13T01:20:20.495Z] <<< [apiv2][body] GET https://www.gstatic.com/firebasejs/9.8.1/firebase-app-compat.js [stream]
[debug] [2022-05-13T01:20:20.496Z] >>> [apiv2][query] GET https://www.gstatic.com/firebasejs/9.8.1/firebase-database-compat.js [none]
[debug] [2022-05-13T01:20:20.498Z] >>> [apiv2][query] GET https://www.gstatic.com/firebasejs/9.8.1/firebase-firestore-compat.js [none]
[info] i  hosting: ::1 - - [13/May/2022:01:20:20 +0000] "GET /__/firebase/9.8.1/firebase-app-compat.js HTTP/1.1" 200 8870 "http://localhost:5000/" "Mozilla/5.0 (Macintosh; Intel Mac OS X 10_15_7) AppleWebKit/537.36 (KHTML, like Gecko) Chrome/101.0.4951.64 Safari/537.36" {"metadata":{"emulator":{"name":"hosting"},"message":"::1 - - [13/May/2022:01:20:20 +0000] \"GET /__/firebase/9.8.1/firebase-app-compat.js HTTP/1.1\" 200 8870 \"http://localhost:5000/\" \"Mozilla/5.0 (Macintosh; Intel Mac OS X 10_15_7) AppleWebKit/537.36 (KHTML, like Gecko) Chrome/101.0.4951.64 Safari/537.36\""}}
[debug] [2022-05-13T01:20:20.501Z] >>> [apiv2][query] GET https://www.gstatic.com/firebasejs/9.8.1/firebase-functions-compat.js [none]
[debug] [2022-05-13T01:20:20.502Z] >>> [apiv2][query] GET https://www.gstatic.com/firebasejs/9.8.1/firebase-messaging-compat.js [none]
[debug] [2022-05-13T01:20:20.504Z] <<< [apiv2][status] GET https://www.gstatic.com/firebasejs/9.8.1/firebase-auth-compat.js 200
[debug] [2022-05-13T01:20:20.504Z] <<< [apiv2][body] GET https://www.gstatic.com/firebasejs/9.8.1/firebase-auth-compat.js [stream]
[debug] [2022-05-13T01:20:20.515Z] >>> [apiv2][query] GET https://www.gstatic.com/firebasejs/9.8.1/firebase-storage-compat.js [none]
[info] i  hosting: ::1 - - [13/May/2022:01:20:20 +0000] "GET /__/firebase/9.8.1/firebase-auth-compat.js HTTP/1.1" 200 124464 "http://localhost:5000/" "Mozilla/5.0 (Macintosh; Intel Mac OS X 10_15_7) AppleWebKit/537.36 (KHTML, like Gecko) Chrome/101.0.4951.64 Safari/537.36" {"metadata":{"emulator":{"name":"hosting"},"message":"::1 - - [13/May/2022:01:20:20 +0000] \"GET /__/firebase/9.8.1/firebase-auth-compat.js HTTP/1.1\" 200 124464 \"http://localhost:5000/\" \"Mozilla/5.0 (Macintosh; Intel Mac OS X 10_15_7) AppleWebKit/537.36 (KHTML, like Gecko) Chrome/101.0.4951.64 Safari/537.36\""}}
[debug] [2022-05-13T01:20:20.563Z] >>> [apiv2][query] GET https://www.gstatic.com/firebasejs/9.8.1/firebase-analytics-compat.js [none]
[debug] [2022-05-13T01:20:20.580Z] <<< [apiv2][status] GET https://www.gstatic.com/firebasejs/9.8.1/firebase-database-compat.js 200
[debug] [2022-05-13T01:20:20.580Z] <<< [apiv2][body] GET https://www.gstatic.com/firebasejs/9.8.1/firebase-database-compat.js [stream]
[debug] [2022-05-13T01:20:20.582Z] <<< [apiv2][status] GET https://www.gstatic.com/firebasejs/9.8.1/firebase-functions-compat.js 200
[debug] [2022-05-13T01:20:20.582Z] <<< [apiv2][body] GET https://www.gstatic.com/firebasejs/9.8.1/firebase-functions-compat.js [stream]
[info] i  hosting: ::1 - - [13/May/2022:01:20:20 +0000] "GET /__/firebase/9.8.1/firebase-functions-compat.js HTTP/1.1" 200 8116 "http://localhost:5000/" "Mozilla/5.0 (Macintosh; Intel Mac OS X 10_15_7) AppleWebKit/537.36 (KHTML, like Gecko) Chrome/101.0.4951.64 Safari/537.36" {"metadata":{"emulator":{"name":"hosting"},"message":"::1 - - [13/May/2022:01:20:20 +0000] \"GET /__/firebase/9.8.1/firebase-functions-compat.js HTTP/1.1\" 200 8116 \"http://localhost:5000/\" \"Mozilla/5.0 (Macintosh; Intel Mac OS X 10_15_7) AppleWebKit/537.36 (KHTML, like Gecko) Chrome/101.0.4951.64 Safari/537.36\""}}
[debug] [2022-05-13T01:20:20.585Z] <<< [apiv2][status] GET https://www.gstatic.com/firebasejs/9.8.1/firebase-messaging-compat.js 200
[debug] [2022-05-13T01:20:20.585Z] <<< [apiv2][body] GET https://www.gstatic.com/firebasejs/9.8.1/firebase-messaging-compat.js [stream]
[debug] [2022-05-13T01:20:20.586Z] <<< [apiv2][status] GET https://www.gstatic.com/firebasejs/9.8.1/firebase-firestore-compat.js 200
[debug] [2022-05-13T01:20:20.586Z] <<< [apiv2][body] GET https://www.gstatic.com/firebasejs/9.8.1/firebase-firestore-compat.js [stream]
[debug] [2022-05-13T01:20:20.588Z] <<< [apiv2][status] GET https://www.gstatic.com/firebasejs/9.8.1/firebase-storage-compat.js 200
[debug] [2022-05-13T01:20:20.588Z] <<< [apiv2][body] GET https://www.gstatic.com/firebasejs/9.8.1/firebase-storage-compat.js [stream]
[debug] [2022-05-13T01:20:20.592Z] >>> [apiv2][query] GET https://www.gstatic.com/firebasejs/9.8.1/firebase-remote-config-compat.js [none]
[info] i  hosting: ::1 - - [13/May/2022:01:20:20 +0000] "GET /__/firebase/9.8.1/firebase-messaging-compat.js HTTP/1.1" 200 37508 "http://localhost:5000/" "Mozilla/5.0 (Macintosh; Intel Mac OS X 10_15_7) AppleWebKit/537.36 (KHTML, like Gecko) Chrome/101.0.4951.64 Safari/537.36" {"metadata":{"emulator":{"name":"hosting"},"message":"::1 - - [13/May/2022:01:20:20 +0000] \"GET /__/firebase/9.8.1/firebase-messaging-compat.js HTTP/1.1\" 200 37508 \"http://localhost:5000/\" \"Mozilla/5.0 (Macintosh; Intel Mac OS X 10_15_7) AppleWebKit/537.36 (KHTML, like Gecko) Chrome/101.0.4951.64 Safari/537.36\""}}
[debug] [2022-05-13T01:20:20.621Z] >>> [apiv2][query] GET https://www.gstatic.com/firebasejs/9.8.1/firebase-performance-compat.js [none]
[info] i  hosting: ::1 - - [13/May/2022:01:20:20 +0000] "GET /__/firebase/9.8.1/firebase-storage-compat.js HTTP/1.1" 200 38245 "http://localhost:5000/" "Mozilla/5.0 (Macintosh; Intel Mac OS X 10_15_7) AppleWebKit/537.36 (KHTML, like Gecko) Chrome/101.0.4951.64 Safari/537.36" {"metadata":{"emulator":{"name":"hosting"},"message":"::1 - - [13/May/2022:01:20:20 +0000] \"GET /__/firebase/9.8.1/firebase-storage-compat.js HTTP/1.1\" 200 38245 \"http://localhost:5000/\" \"Mozilla/5.0 (Macintosh; Intel Mac OS X 10_15_7) AppleWebKit/537.36 (KHTML, like Gecko) Chrome/101.0.4951.64 Safari/537.36\""}}
[info] i  hosting: ::1 - - [13/May/2022:01:20:20 +0000] "GET /__/firebase/init.js?useEmulator=true HTTP/1.1" 200 - "http://localhost:5000/" "Mozilla/5.0 (Macintosh; Intel Mac OS X 10_15_7) AppleWebKit/537.36 (KHTML, like Gecko) Chrome/101.0.4951.64 Safari/537.36" {"metadata":{"emulator":{"name":"hosting"},"message":"::1 - - [13/May/2022:01:20:20 +0000] \"GET /__/firebase/init.js?useEmulator=true HTTP/1.1\" 200 - \"http://localhost:5000/\" \"Mozilla/5.0 (Macintosh; Intel Mac OS X 10_15_7) AppleWebKit/537.36 (KHTML, like Gecko) Chrome/101.0.4951.64 Safari/537.36\""}}
[debug] [2022-05-13T01:20:20.638Z] <<< [apiv2][status] GET https://www.gstatic.com/firebasejs/9.8.1/firebase-analytics-compat.js 200
[debug] [2022-05-13T01:20:20.638Z] <<< [apiv2][body] GET https://www.gstatic.com/firebasejs/9.8.1/firebase-analytics-compat.js [stream]
[info] i  hosting: ::1 - - [13/May/2022:01:20:20 +0000] "GET /__/firebase/9.8.1/firebase-firestore-compat.js HTTP/1.1" 200 91388 "http://localhost:5000/" "Mozilla/5.0 (Macintosh; Intel Mac OS X 10_15_7) AppleWebKit/537.36 (KHTML, like Gecko) Chrome/101.0.4951.64 Safari/537.36" {"metadata":{"emulator":{"name":"hosting"},"message":"::1 - - [13/May/2022:01:20:20 +0000] \"GET /__/firebase/9.8.1/firebase-firestore-compat.js HTTP/1.1\" 200 91388 \"http://localhost:5000/\" \"Mozilla/5.0 (Macintosh; Intel Mac OS X 10_15_7) AppleWebKit/537.36 (KHTML, like Gecko) Chrome/101.0.4951.64 Safari/537.36\""}}
[info] i  hosting: ::1 - - [13/May/2022:01:20:20 +0000] "GET /__/firebase/9.8.1/firebase-database-compat.js HTTP/1.1" 200 165702 "http://localhost:5000/" "Mozilla/5.0 (Macintosh; Intel Mac OS X 10_15_7) AppleWebKit/537.36 (KHTML, like Gecko) Chrome/101.0.4951.64 Safari/537.36" {"metadata":{"emulator":{"name":"hosting"},"message":"::1 - - [13/May/2022:01:20:20 +0000] \"GET /__/firebase/9.8.1/firebase-database-compat.js HTTP/1.1\" 200 165702 \"http://localhost:5000/\" \"Mozilla/5.0 (Macintosh; Intel Mac OS X 10_15_7) AppleWebKit/537.36 (KHTML, like Gecko) Chrome/101.0.4951.64 Safari/537.36\""}}
[info] i  hosting: ::1 - - [13/May/2022:01:20:20 +0000] "GET /__/firebase/9.8.1/firebase-analytics-compat.js HTTP/1.1" 200 25596 "http://localhost:5000/" "Mozilla/5.0 (Macintosh; Intel Mac OS X 10_15_7) AppleWebKit/537.36 (KHTML, like Gecko) Chrome/101.0.4951.64 Safari/537.36" {"metadata":{"emulator":{"name":"hosting"},"message":"::1 - - [13/May/2022:01:20:20 +0000] \"GET /__/firebase/9.8.1/firebase-analytics-compat.js HTTP/1.1\" 200 25596 \"http://localhost:5000/\" \"Mozilla/5.0 (Macintosh; Intel Mac OS X 10_15_7) AppleWebKit/537.36 (KHTML, like Gecko) Chrome/101.0.4951.64 Safari/537.36\""}}
[debug] [2022-05-13T01:20:20.663Z] <<< [apiv2][status] GET https://www.gstatic.com/firebasejs/9.8.1/firebase-remote-config-compat.js 200
[debug] [2022-05-13T01:20:20.663Z] <<< [apiv2][body] GET https://www.gstatic.com/firebasejs/9.8.1/firebase-remote-config-compat.js [stream]
[info] i  hosting: ::1 - - [13/May/2022:01:20:20 +0000] "GET /__/firebase/9.8.1/firebase-remote-config-compat.js HTTP/1.1" 200 27072 "http://localhost:5000/" "Mozilla/5.0 (Macintosh; Intel Mac OS X 10_15_7) AppleWebKit/537.36 (KHTML, like Gecko) Chrome/101.0.4951.64 Safari/537.36" {"metadata":{"emulator":{"name":"hosting"},"message":"::1 - - [13/May/2022:01:20:20 +0000] \"GET /__/firebase/9.8.1/firebase-remote-config-compat.js HTTP/1.1\" 200 27072 \"http://localhost:5000/\" \"Mozilla/5.0 (Macintosh; Intel Mac OS X 10_15_7) AppleWebKit/537.36 (KHTML, like Gecko) Chrome/101.0.4951.64 Safari/537.36\""}}
[debug] [2022-05-13T01:20:20.689Z] <<< [apiv2][status] GET https://www.gstatic.com/firebasejs/9.8.1/firebase-performance-compat.js 200
[debug] [2022-05-13T01:20:20.689Z] <<< [apiv2][body] GET https://www.gstatic.com/firebasejs/9.8.1/firebase-performance-compat.js [stream]
[info] i  hosting: ::1 - - [13/May/2022:01:20:20 +0000] "GET /__/firebase/9.8.1/firebase-performance-compat.js HTTP/1.1" 200 30386 "http://localhost:5000/" "Mozilla/5.0 (Macintosh; Intel Mac OS X 10_15_7) AppleWebKit/537.36 (KHTML, like Gecko) Chrome/101.0.4951.64 Safari/537.36" {"metadata":{"emulator":{"name":"hosting"},"message":"::1 - - [13/May/2022:01:20:20 +0000] \"GET /__/firebase/9.8.1/firebase-performance-compat.js HTTP/1.1\" 200 30386 \"http://localhost:5000/\" \"Mozilla/5.0 (Macintosh; Intel Mac OS X 10_15_7) AppleWebKit/537.36 (KHTML, like Gecko) Chrome/101.0.4951.64 Safari/537.36\""}}
[info] i  hosting: ::1 - - [13/May/2022:01:20:20 +0000] "GET /favicon.ico HTTP/1.1" 200 4601 "http://localhost:5000/" "Mozilla/5.0 (Macintosh; Intel Mac OS X 10_15_7) AppleWebKit/537.36 (KHTML, like Gecko) Chrome/101.0.4951.64 Safari/537.36" {"metadata":{"emulator":{"name":"hosting"},"message":"::1 - - [13/May/2022:01:20:20 +0000] \"GET /favicon.ico HTTP/1.1\" 200 4601 \"http://localhost:5000/\" \"Mozilla/5.0 (Macintosh; Intel Mac OS X 10_15_7) AppleWebKit/537.36 (KHTML, like Gecko) Chrome/101.0.4951.64 Safari/537.36\""}}
